[100%] Built target audio_capture
-- Install configuration: ""
-- Up-to-date: /home/lindelani/ros2_ws/src/audio_common/audio_capture/install/audio_capture/lib/audio_capture/audio_capture
-- Up-to-date: /home/lindelani/ros2_ws/src/audio_common/audio_capture/install/audio_capture/share/audio_capture/launch
-- Up-to-date: /home/lindelani/ros2_ws/src/audio_common/audio_capture/install/audio_capture/share/audio_capture/launch/capture_to_file.launch.xml
-- Up-to-date: /home/lindelani/ros2_ws/src/audio_common/audio_capture/install/audio_capture/share/audio_capture/launch/capture.launch.xml
-- Up-to-date: /home/lindelani/ros2_ws/src/audio_common/audio_capture/install/audio_capture/share/audio_capture/launch/capture_wave.launch.xml
-- Up-to-date: /home/lindelani/ros2_ws/src/audio_common/audio_capture/install/audio_capture/share/ament_index/resource_index/package_run_dependencies/audio_capture
-- Up-to-date: /home/lindelani/ros2_ws/src/audio_common/audio_capture/install/audio_capture/share/ament_index/resource_index/parent_prefix_path/audio_capture
-- Up-to-date: /home/lindelani/ros2_ws/src/audio_common/audio_capture/install/audio_capture/share/audio_capture/environment/ament_prefix_path.sh
-- Up-to-date: /home/lindelani/ros2_ws/src/audio_common/audio_capture/install/audio_capture/share/audio_capture/environment/ament_prefix_path.dsv
-- Up-to-date: /home/lindelani/ros2_ws/src/audio_common/audio_capture/install/audio_capture/share/audio_capture/environment/path.sh
-- Up-to-date: /home/lindelani/ros2_ws/src/audio_common/audio_capture/install/audio_capture/share/audio_capture/environment/path.dsv
-- Up-to-date: /home/lindelani/ros2_ws/src/audio_common/audio_capture/install/audio_capture/share/audio_capture/local_setup.bash
-- Up-to-date: /home/lindelani/ros2_ws/src/audio_common/audio_capture/install/audio_capture/share/audio_capture/local_setup.sh
-- Up-to-date: /home/lindelani/ros2_ws/src/audio_common/audio_capture/install/audio_capture/share/audio_capture/local_setup.zsh
-- Up-to-date: /home/lindelani/ros2_ws/src/audio_common/audio_capture/install/audio_capture/share/audio_capture/local_setup.dsv
-- Installing: /home/lindelani/ros2_ws/src/audio_common/audio_capture/install/audio_capture/share/audio_capture/package.dsv
-- Up-to-date: /home/lindelani/ros2_ws/src/audio_common/audio_capture/install/audio_capture/share/ament_index/resource_index/packages/audio_capture
-- Up-to-date: /home/lindelani/ros2_ws/src/audio_common/audio_capture/install/audio_capture/share/audio_capture/cmake/audio_captureConfig.cmake
-- Up-to-date: /home/lindelani/ros2_ws/src/audio_common/audio_capture/install/audio_capture/share/audio_capture/cmake/audio_captureConfig-version.cmake
-- Up-to-date: /home/lindelani/ros2_ws/src/audio_common/audio_capture/install/audio_capture/share/audio_capture/package.xml
