[0.030s] Invoking command in '/home/lindelani/ros2_ws/src/audio_common/audio_capture/build/audio_capture': CMAKE_PREFIX_PATH=${CMAKE_PREFIX_PATH}:/home/lindelani/ros2_ws/install/my_py_pkg /usr/bin/cmake --build /home/lindelani/ros2_ws/src/audio_common/audio_capture/build/audio_capture -- -j8 -l8
[0.114s] [100%] Built target audio_capture
[0.130s] Invoked command in '/home/lindelani/ros2_ws/src/audio_common/audio_capture/build/audio_capture' returned '0': CMAKE_PREFIX_PATH=${CMAKE_PREFIX_PATH}:/home/lindelani/ros2_ws/install/my_py_pkg /usr/bin/cmake --build /home/lindelani/ros2_ws/src/audio_common/audio_capture/build/audio_capture -- -j8 -l8
[0.188s] Invoking command in '/home/lindelani/ros2_ws/src/audio_common/audio_capture/build/audio_capture': CMAKE_PREFIX_PATH=${CMAKE_PREFIX_PATH}:/home/lindelani/ros2_ws/install/my_py_pkg /usr/bin/cmake --install /home/lindelani/ros2_ws/src/audio_common/audio_capture/build/audio_capture
[0.199s] -- Install configuration: ""
[0.199s] -- Up-to-date: /home/lindelani/ros2_ws/src/audio_common/audio_capture/install/audio_capture/lib/audio_capture/audio_capture
[0.200s] -- Up-to-date: /home/lindelani/ros2_ws/src/audio_common/audio_capture/install/audio_capture/share/audio_capture/launch
[0.200s] -- Up-to-date: /home/lindelani/ros2_ws/src/audio_common/audio_capture/install/audio_capture/share/audio_capture/launch/capture_to_file.launch.xml
[0.200s] -- Up-to-date: /home/lindelani/ros2_ws/src/audio_common/audio_capture/install/audio_capture/share/audio_capture/launch/capture.launch.xml
[0.200s] -- Up-to-date: /home/lindelani/ros2_ws/src/audio_common/audio_capture/install/audio_capture/share/audio_capture/launch/capture_wave.launch.xml
[0.201s] -- Up-to-date: /home/lindelani/ros2_ws/src/audio_common/audio_capture/install/audio_capture/share/ament_index/resource_index/package_run_dependencies/audio_capture
[0.201s] -- Up-to-date: /home/lindelani/ros2_ws/src/audio_common/audio_capture/install/audio_capture/share/ament_index/resource_index/parent_prefix_path/audio_capture
[0.202s] -- Up-to-date: /home/lindelani/ros2_ws/src/audio_common/audio_capture/install/audio_capture/share/audio_capture/environment/ament_prefix_path.sh
[0.206s] -- Up-to-date: /home/lindelani/ros2_ws/src/audio_common/audio_capture/install/audio_capture/share/audio_capture/environment/ament_prefix_path.dsv
[0.206s] -- Up-to-date: /home/lindelani/ros2_ws/src/audio_common/audio_capture/install/audio_capture/share/audio_capture/environment/path.sh
[0.207s] -- Up-to-date: /home/lindelani/ros2_ws/src/audio_common/audio_capture/install/audio_capture/share/audio_capture/environment/path.dsv
[0.207s] -- Up-to-date: /home/lindelani/ros2_ws/src/audio_common/audio_capture/install/audio_capture/share/audio_capture/local_setup.bash
[0.208s] -- Up-to-date: /home/lindelani/ros2_ws/src/audio_common/audio_capture/install/audio_capture/share/audio_capture/local_setup.sh
[0.208s] -- Up-to-date: /home/lindelani/ros2_ws/src/audio_common/audio_capture/install/audio_capture/share/audio_capture/local_setup.zsh
[0.209s] -- Up-to-date: /home/lindelani/ros2_ws/src/audio_common/audio_capture/install/audio_capture/share/audio_capture/local_setup.dsv
[0.211s] -- Installing: /home/lindelani/ros2_ws/src/audio_common/audio_capture/install/audio_capture/share/audio_capture/package.dsv
[0.211s] -- Up-to-date: /home/lindelani/ros2_ws/src/audio_common/audio_capture/install/audio_capture/share/ament_index/resource_index/packages/audio_capture
[0.212s] -- Up-to-date: /home/lindelani/ros2_ws/src/audio_common/audio_capture/install/audio_capture/share/audio_capture/cmake/audio_captureConfig.cmake
[0.212s] -- Up-to-date: /home/lindelani/ros2_ws/src/audio_common/audio_capture/install/audio_capture/share/audio_capture/cmake/audio_captureConfig-version.cmake
[0.212s] -- Up-to-date: /home/lindelani/ros2_ws/src/audio_common/audio_capture/install/audio_capture/share/audio_capture/package.xml
[0.213s] Invoked command in '/home/lindelani/ros2_ws/src/audio_common/audio_capture/build/audio_capture' returned '0': CMAKE_PREFIX_PATH=${CMAKE_PREFIX_PATH}:/home/lindelani/ros2_ws/install/my_py_pkg /usr/bin/cmake --install /home/lindelani/ros2_ws/src/audio_common/audio_capture/build/audio_capture
